2022-11-09 22:05:22,915	INFO	预约成功
2024-02-12 22:12:46,501	INFO	存在黑名单用户，不可执行预约操作
2024-02-12 22:12:46,501	ERROR	An error occurred: 存在黑名单用户，不可执行预约操作
2024-02-13 22:15:21,073	INFO	预约成功
2024-02-14 22:13:13,470	INFO	预约成功
2024-02-15 22:13:20,058	INFO	预约成功<br/>您已违约1次,详情请登录web端或联系管理员
2024-02-16 22:13:11,887	INFO	预约成功<br/>您已违约2次,详情请登录web端或联系管理员
2024-02-17 22:14:19,159	INFO	存在黑名单用户，不可执行预约操作
2024-02-17 22:14:19,159	ERROR	An error occurred: 存在黑名单用户，不可执行预约操作
2024-02-18 22:14:27,598	INFO	存在黑名单用户，不可执行预约操作
2024-02-18 22:14:27,599	ERROR	An error occurred: 存在黑名单用户，不可执行预约操作
2024-02-19 22:13:53,757	INFO	存在黑名单用户，不可执行预约操作
2024-02-19 22:13:53,757	ERROR	An error occurred: 存在黑名单用户，不可执行预约操作
2024-02-20 22:13:07,099	INFO	预约成功
2024-02-21 22:12:51,828	INFO	当前用户在该时段已存在预约，不可重复预约
2024-02-21 22:12:51,828	ERROR	An error occurred: 当前用户在该时段已存在预约，不可重复预约
2024-02-22 22:13:06,382	INFO	当前用户在该时段已存在预约，不可重复预约
2024-02-22 22:13:06,382	ERROR	An error occurred: 当前用户在该时段已存在预约，不可重复预约
2024-02-23 22:12:44,492	INFO	当前用户在该时段已存在预约，不可重复预约
2024-02-23 22:12:44,492	ERROR	An error occurred: 当前用户在该时段已存在预约，不可重复预约
2024-02-24 22:13:05,445	INFO	存在黑名单用户，不可执行预约操作
2024-02-24 22:13:05,445	ERROR	An error occurred: 存在黑名单用户，不可执行预约操作
2024-02-25 22:13:24,061	INFO	存在黑名单用户，不可执行预约操作
2024-02-25 22:13:24,061	ERROR	An error occurred: 存在黑名单用户，不可执行预约操作
2024-02-26 22:14:19,767	INFO	存在黑名单用户，不可执行预约操作
2024-02-26 22:14:19,767	ERROR	An error occurred: 存在黑名单用户，不可执行预约操作
2024-02-27 22:14:43,160	INFO	当前用户在该时段已存在预约，不可重复预约
2024-02-27 22:14:43,160	ERROR	An error occurred: 当前用户在该时段已存在预约，不可重复预约
2024-02-28 22:12:44,826	INFO	当前用户在该时段已存在预约，不可重复预约
2024-02-28 22:12:44,826	ERROR	An error occurred: 当前用户在该时段已存在预约，不可重复预约
2024-02-29 22:12:39,003	INFO	当前用户在该时段已存在预约，不可重复预约
2024-02-29 22:12:39,003	ERROR	An error occurred: 当前用户在该时段已存在预约，不可重复预约
2024-03-01 22:12:59,895	INFO	当前用户在该时段已存在预约，不可重复预约
2024-03-01 22:12:59,895	ERROR	An error occurred: 当前用户在该时段已存在预约，不可重复预约
2024-03-02 22:13:12,248	INFO	存在黑名单用户，不可执行预约操作
2024-03-02 22:13:12,248	ERROR	An error occurred: 存在黑名单用户，不可执行预约操作
2024-03-03 22:12:13,675	INFO	存在黑名单用户，不可执行预约操作
2024-03-03 22:12:13,675	ERROR	An error occurred: 存在黑名单用户，不可执行预约操作
2024-03-04 22:12:42,275	INFO	存在黑名单用户，不可执行预约操作
2024-03-04 22:12:42,276	ERROR	An error occurred: 存在黑名单用户，不可执行预约操作
2024-03-05 22:12:59,430	INFO	当前用户在该时段已存在预约，不可重复预约
2024-03-05 22:12:59,430	ERROR	An error occurred: 当前用户在该时段已存在预约，不可重复预约
2024-03-06 22:14:00,591	INFO	当前用户在该时段已存在预约，不可重复预约
2024-03-06 22:14:00,591	ERROR	An error occurred: 当前用户在该时段已存在预约，不可重复预约
2024-03-07 22:13:10,850	INFO	当前用户在该时段已存在预约，不可重复预约
2024-03-07 22:13:10,850	ERROR	An error occurred: 当前用户在该时段已存在预约，不可重复预约
2024-03-08 22:14:57,581	INFO	当前用户在该时段已存在预约，不可重复预约
2024-03-08 22:14:57,581	ERROR	An error occurred: 当前用户在该时段已存在预约，不可重复预约
2024-03-09 22:13:58,997	INFO	存在黑名单用户，不可执行预约操作
2024-03-09 22:13:58,997	ERROR	An error occurred: 存在黑名单用户，不可执行预约操作
2024-03-10 22:14:07,697	INFO	存在黑名单用户，不可执行预约操作
2024-03-10 22:14:07,697	ERROR	An error occurred: 存在黑名单用户，不可执行预约操作
2025-07-31 14:20:43,321	INFO	该空间当前状态不可预约
2025-07-31 14:20:43,321	ERROR	An error occurred: 该空间当前状态不可预约
2025-07-31 22:17:40,354	INFO	预约成功<br/>您已违约1次,详情请登录web端或联系管理员
2025-08-01 22:17:16,846	INFO	预约成功
2025-08-02 22:16:31,466	INFO	预约成功
2025-08-03 22:17:08,160	INFO	预约成功
2025-08-04 22:18:28,138	INFO	预约成功<br/>您已违约1次,详情请登录web端或联系管理员
2025-08-05 22:18:24,442	INFO	预约成功<br/>您已违约1次,详情请登录web端或联系管理员
2025-08-06 22:18:48,452	INFO	预约成功<br/>您已违约1次,详情请登录web端或联系管理员
2025-08-07 22:18:21,703	INFO	预约成功
2025-08-08 22:16:50,565	INFO	预约成功
2025-08-09 22:16:18,762	INFO	预约成功
2025-08-10 22:16:12,380	INFO	预约成功
2025-08-11 22:16:36,608	INFO	预约成功
2025-08-12 22:16:27,484	INFO	预约成功
2025-08-13 22:17:05,475	INFO	预约成功
2025-08-14 22:16:23,297	INFO	预约成功
2025-08-15 22:16:28,404	INFO	预约成功
2025-08-16 22:15:35,434	INFO	预约成功
2025-08-17 22:16:16,042	INFO	预约成功<br/>您已违约1次,详情请登录web端或联系管理员
2025-08-18 22:14:43,332	INFO	预约成功<br/>您已违约1次,详情请登录web端或联系管理员
2025-08-19 22:16:03,676	INFO	预约成功<br/>您已违约1次,详情请登录web端或联系管理员
2025-08-20 22:14:39,805	INFO	预约成功<br/>您已违约1次,详情请登录web端或联系管理员
2025-08-21 22:16:46,330	INFO	预约成功<br/>您已违约1次,详情请登录web端或联系管理员
2025-08-22 22:15:25,254	INFO	预约成功<br/>您已违约1次,详情请登录web端或联系管理员
2025-08-23 22:14:39,615	INFO	预约成功<br/>您已违约1次,详情请登录web端或联系管理员
2025-08-24 22:15:12,468	INFO	预约成功<br/>您已违约1次,详情请登录web端或联系管理员
2025-08-25 22:16:08,957	INFO	预约成功<br/>您已违约2次,详情请登录web端或联系管理员
2025-08-26 22:15:16,613	INFO	存在黑名单用户，不可执行预约操作
2025-08-26 22:15:16,613	ERROR	An error occurred: 存在黑名单用户，不可执行预约操作
2025-08-27 22:15:02,785	INFO	存在黑名单用户，不可执行预约操作
2025-08-27 22:15:02,785	ERROR	An error occurred: 存在黑名单用户，不可执行预约操作
2025-08-28 22:15:10,454	INFO	存在黑名单用户，不可执行预约操作
2025-08-28 22:15:10,454	ERROR	An error occurred: 存在黑名单用户，不可执行预约操作
2025-08-29 22:15:16,239	INFO	预约成功
2025-08-30 22:14:06,969	INFO	预约成功
2025-08-31 22:14:35,422	INFO	预约成功
2025-09-01 22:15:01,904	INFO	预约成功
2025-09-02 22:13:41,155	INFO	预约成功
2025-09-03 22:14:34,202	INFO	预约成功
2025-09-04 22:15:00,298	INFO	预约成功
2025-09-05 22:14:33,758	INFO	预约成功
2025-09-06 22:13:21,077	INFO	预约成功
2025-09-07 22:14:23,740	INFO	预约成功<br/>您已违约1次,详情请登录web端或联系管理员
2025-09-08 22:15:20,102	INFO	预约成功<br/>您已违约1次,详情请登录web端或联系管理员
2025-09-09 22:13:48,788	INFO	预约成功<br/>您已违约1次,详情请登录web端或联系管理员
2025-09-10 22:14:22,937	INFO	预约成功<br/>您已违约1次,详情请登录web端或联系管理员
2025-09-11 22:14:40,318	INFO	预约成功<br/>您已违约1次,详情请登录web端或联系管理员
2025-09-12 22:14:04,972	INFO	预约成功<br/>您已违约1次,详情请登录web端或联系管理员
2025-09-13 22:13:23,086	INFO	预约成功<br/>您已违约1次,详情请登录web端或联系管理员
2025-09-14 22:13:59,997	INFO	预约成功<br/>您已违约1次,详情请登录web端或联系管理员
2025-09-15 22:14:10,809	INFO	预约成功<br/>您已违约1次,详情请登录web端或联系管理员
2025-09-16 22:14:12,094	INFO	预约成功<br/>您已违约1次,详情请登录web端或联系管理员
2025-09-17 22:14:07,404	INFO	预约成功<br/>您已违约1次,详情请登录web端或联系管理员
2025-09-18 22:13:10,380	INFO	预约成功<br/>您已违约1次,详情请登录web端或联系管理员
2025-09-19 22:14:50,466	INFO	预约成功<br/>您已违约1次,详情请登录web端或联系管理员
2025-09-20 22:13:40,158	INFO	预约成功<br/>您已违约1次,详情请登录web端或联系管理员
2025-09-21 22:14:16,561	INFO	预约成功<br/>您已违约1次,详情请登录web端或联系管理员
2025-09-22 22:14:50,723	INFO	预约成功<br/>您已违约1次,详情请登录web端或联系管理员
2025-09-23 22:14:49,601	INFO	预约成功<br/>您已违约1次,详情请登录web端或联系管理员
2025-09-24 22:15:14,067	INFO	预约成功<br/>您已违约1次,详情请登录web端或联系管理员
2025-09-25 22:13:16,306	INFO	预约成功<br/>您已违约1次,详情请登录web端或联系管理员
2025-09-26 22:14:47,031	INFO	预约成功<br/>您已违约1次,详情请登录web端或联系管理员
2025-09-27 22:13:45,898	INFO	预约成功<br/>您已违约1次,详情请登录web端或联系管理员
2025-09-28 22:14:07,490	INFO	预约成功<br/>您已违约1次,详情请登录web端或联系管理员
2025-09-29 22:14:08,312	INFO	预约成功<br/>您已违约1次,详情请登录web端或联系管理员
2025-09-30 22:15:06,315	INFO	预约成功<br/>您已违约1次,详情请登录web端或联系管理员
2025-10-01 22:15:00,707	INFO	预约成功<br/>您已违约1次,详情请登录web端或联系管理员
2025-10-02 22:14:54,813	INFO	预约成功<br/>您已违约1次,详情请登录web端或联系管理员
2025-10-03 22:14:13,270	INFO	预约成功<br/>您已违约1次,详情请登录web端或联系管理员
2025-10-04 22:13:40,463	INFO	预约成功<br/>您已违约1次,详情请登录web端或联系管理员
2025-10-05 22:14:19,507	INFO	预约成功<br/>您已违约1次,详情请登录web端或联系管理员
2025-10-06 22:14:34,234	INFO	预约成功<br/>您已违约1次,详情请登录web端或联系管理员
2025-10-07 22:15:06,322	INFO	预约成功<br/>您已违约1次,详情请登录web端或联系管理员
2025-10-08 22:15:19,322	INFO	预约成功<br/>您已违约1次,详情请登录web端或联系管理员
2025-10-09 22:14:49,624	INFO	预约成功<br/>您已违约1次,详情请登录web端或联系管理员
2025-10-10 22:14:36,548	INFO	预约成功<br/>您已违约1次,详情请登录web端或联系管理员
2025-10-11 22:13:47,898	INFO	预约成功<br/>您已违约1次,详情请登录web端或联系管理员
2025-10-12 22:14:37,016	INFO	预约成功<br/>您已违约1次,详情请登录web端或联系管理员
2025-10-13 22:14:48,312	INFO	预约成功<br/>您已违约1次,详情请登录web端或联系管理员
2025-10-14 22:15:37,599	INFO	预约成功<br/>您已违约1次,详情请登录web端或联系管理员
2025-10-15 22:14:21,966	INFO	预约成功<br/>您已违约1次,详情请登录web端或联系管理员
2025-10-16 22:12:50,922	INFO	预约成功<br/>您已违约1次,详情请登录web端或联系管理员
2025-10-17 22:14:50,336	INFO	预约成功<br/>您已违约1次,详情请登录web端或联系管理员
2025-10-18 22:14:07,718	INFO	预约成功<br/>您已违约1次,详情请登录web端或联系管理员
2025-10-19 22:14:51,501	INFO	预约成功<br/>您已违约1次,详情请登录web端或联系管理员
2025-10-20 22:15:07,293	INFO	预约成功<br/>您已违约1次,详情请登录web端或联系管理员
2025-10-21 22:14:41,356	INFO	预约成功<br/>您已违约1次,详情请登录web端或联系管理员
2025-10-22 22:13:25,954	INFO	预约成功<br/>您已违约2次,详情请登录web端或联系管理员
2025-10-23 22:15:15,922	INFO	预约成功<br/>您已违约2次,详情请登录web端或联系管理员
2025-10-24 22:15:49,464	INFO	存在黑名单用户，不可执行预约操作
2025-10-24 22:15:49,464	ERROR	An error occurred: 存在黑名单用户，不可执行预约操作
2025-10-25 22:14:17,183	INFO	存在黑名单用户，不可执行预约操作
2025-10-25 22:14:17,183	ERROR	An error occurred: 存在黑名单用户，不可执行预约操作
2025-10-26 22:15:19,735	INFO	存在黑名单用户，不可执行预约操作
2025-10-26 22:15:19,735	ERROR	An error occurred: 存在黑名单用户，不可执行预约操作
2025-10-27 22:15:22,508	INFO	预约成功<br/>您已违约1次,详情请登录web端或联系管理员
2025-10-28 22:16:16,605	INFO	预约成功<br/>您已违约1次,详情请登录web端或联系管理员
2025-10-29 22:15:53,464	INFO	预约成功<br/>您已违约1次,详情请登录web端或联系管理员
2025-10-30 22:15:47,460	INFO	预约成功<br/>您已违约1次,详情请登录web端或联系管理员
2025-10-31 22:15:43,402	INFO	预约成功<br/>您已违约2次,详情请登录web端或联系管理员
2025-11-01 22:14:26,470	INFO	预约成功<br/>您已违约2次,详情请登录web端或联系管理员
2025-11-02 22:14:57,914	INFO	预约成功<br/>您已违约2次,详情请登录web端或联系管理员
2025-11-03 22:16:34,033	INFO	预约成功<br/>您已违约2次,详情请登录web端或联系管理员
2025-11-04 22:15:38,982	INFO	预约成功<br/>您已违约2次,详情请登录web端或联系管理员
2025-11-05 22:16:18,066	INFO	存在黑名单用户，不可执行预约操作
2025-11-05 22:16:18,066	ERROR	An error occurred: 存在黑名单用户，不可执行预约操作
2025-11-06 22:16:12,626	INFO	存在黑名单用户，不可执行预约操作
2025-11-06 22:16:12,627	ERROR	An error occurred: 存在黑名单用户，不可执行预约操作
2025-11-07 22:15:21,347	INFO	存在黑名单用户，不可执行预约操作
2025-11-07 22:15:21,347	ERROR	An error occurred: 存在黑名单用户，不可执行预约操作
2025-11-08 22:14:26,224	INFO	预约成功<br/>您已违约2次,详情请登录web端或联系管理员
2025-11-09 22:14:49,791	INFO	预约成功<br/>您已违约2次,详情请登录web端或联系管理员
2025-11-10 22:16:43,467	INFO	存在黑名单用户，不可执行预约操作
2025-11-10 22:16:43,467	ERROR	An error occurred: 存在黑名单用户，不可执行预约操作
2025-11-11 22:16:24,872	INFO	存在黑名单用户，不可执行预约操作
2025-11-11 22:16:24,872	ERROR	An error occurred: 存在黑名单用户，不可执行预约操作
2025-11-12 22:18:03,264	INFO	存在黑名单用户，不可执行预约操作
2025-11-12 22:18:03,264	ERROR	An error occurred: 存在黑名单用户，不可执行预约操作
2025-11-13 22:17:22,869	INFO	预约成功<br/>您已违约1次,详情请登录web端或联系管理员
2025-11-14 22:16:36,637	INFO	预约成功<br/>您已违约1次,详情请登录web端或联系管理员
2025-11-15 22:13:00,659	INFO	预约成功<br/>您已违约1次,详情请登录web端或联系管理员
2025-11-16 22:15:16,917	INFO	预约成功<br/>您已违约1次,详情请登录web端或联系管理员
2025-11-17 05:17:42,124	INFO	该空间当前状态不可预约
2025-11-17 05:17:42,124	ERROR	An error occurred: 该空间当前状态不可预约
2025-11-17 22:16:43,567	INFO	预约成功<br/>您已违约1次,详情请登录web端或联系管理员
2025-11-18 22:17:29,127	INFO	预约成功<br/>您已违约1次,详情请登录web端或联系管理员
2025-11-19 22:16:37,452	INFO	预约成功<br/>您已违约1次,详情请登录web端或联系管理员
2025-11-20 22:16:26,010	INFO	预约成功<br/>您已违约2次,详情请登录web端或联系管理员
2025-11-21 22:17:03,065	INFO	预约成功<br/>您已违约2次,详情请登录web端或联系管理员
